#
# There is insufficient memory for the Java Runtime Environment to continue.
# Native memory allocation (malloc) failed to allocate 32744 bytes. Error detail: ChunkPool::allocate
# Possible reasons:
#   The system is out of physical RAM or swap space
#   This process is running with CompressedOops enabled, and the Java Heap may be blocking the growth of the native heap
# Possible solutions:
#   Reduce memory load on the system
#   Increase physical memory or swap space
#   Check if swap backing store is full
#   Decrease Java heap size (-Xmx/-Xms)
#   Decrease number of Java threads
#   Decrease Java thread stack sizes (-Xss)
#   Set larger code cache with -XX:ReservedCodeCacheSize=
#   JVM is running with Unscaled Compressed Oops mode in which the Java heap is
#     placed in the first 4GB address space. The Java Heap base address is the
#     maximum limit for the native heap growth. Please use -XX:HeapBaseMinAddress
#     to set the Java Heap base and to place the Java Heap above 4GB virtual address.
# This output file may be truncated or incomplete.
#
#  Out of Memory Error (arena.cpp:79), pid=18260, tid=16592
#
# JRE version: OpenJDK Runtime Environment Temurin-17.0.11+9 (17.0.11+9) (build 17.0.11+9)
# Java VM: OpenJDK 64-Bit Server VM Temurin-17.0.11+9 (17.0.11+9, mixed mode, tiered, compressed oops, compressed class ptrs, parallel gc, windows-amd64)
# No core dump will be written. Minidumps are not enabled by default on client versions of Windows
#

---------------  S U M M A R Y ------------

Command Line: --add-modules=ALL-SYSTEM --add-opens=java.base/java.util=ALL-UNNAMED --add-opens=java.base/java.lang=ALL-UNNAMED --add-opens=java.base/sun.nio.fs=ALL-UNNAMED -Declipse.application=org.eclipse.jdt.ls.core.id1 -Dosgi.bundles.defaultStartLevel=4 -Declipse.product=org.eclipse.jdt.ls.core.product -Djava.import.generatesMetadataFilesAtProjectRoot=false -DDetectVMInstallationsJob.disabled=true -Dfile.encoding=utf8 -XX:+UseParallelGC -XX:GCTimeRatio=4 -XX:AdaptiveSizePolicyWeight=90 -Dsun.zip.disableMemoryMapping=true -Xmx1G -Xms100m -Xlog:disable -javaagent:c:\Users\hp\.vscode\extensions\redhat.java-1.33.0-win32-x64\lombok\lombok-1.18.33.jar -XX:+HeapDumpOnOutOfMemoryError -XX:HeapDumpPath=c:\Users\hp\AppData\Roaming\Code\User\workspaceStorage\4c6d5647aa36d781c3f9bfddaaadf091\redhat.java -Daether.dependencyCollector.impl=bf c:\Users\hp\.vscode\extensions\redhat.java-1.33.0-win32-x64\server\plugins\org.eclipse.equinox.launcher_1.6.900.v20240613-2009.jar -configuration c:\Users\hp\AppData\Roaming\Code\User\globalStorage\redhat.java\1.33.0\config_win -data c:\Users\hp\AppData\Roaming\Code\User\workspaceStorage\4c6d5647aa36d781c3f9bfddaaadf091\redhat.java\jdt_ws --pipe=\\.\pipe\lsp-e31c51699fc5bbf972e1a88b1341f733-sock

Host: Intel(R) Core(TM) i5-6200U CPU @ 2.30GHz, 4 cores, 7G,  Windows 10 , 64 bit Build 19041 (10.0.19041.4597)
Time: Wed Aug  7 22:27:21 2024 Pakistan Standard Time elapsed time: 3.972687 seconds (0d 0h 0m 3s)

---------------  T H R E A D  ---------------

Current thread (0x000001d26dc469d0):  JavaThread "C2 CompilerThread1" daemon [_thread_in_native, id=16592, stack(0x000000849e700000,0x000000849e800000)]


Current CompileTask:
C2:   3972  606       4       lombok.patcher.PatchScript::classMatches (41 bytes)

Stack: [0x000000849e700000,0x000000849e800000]
Native frames: (J=compiled Java code, j=interpreted, Vv=VM code, C=native code)
V  [jvm.dll+0x67d429]
V  [jvm.dll+0x834b7a]
V  [jvm.dll+0x83663e]
V  [jvm.dll+0x836ca3]
V  [jvm.dll+0x247dbf]
V  [jvm.dll+0xac731]
V  [jvm.dll+0xacb7c]
V  [jvm.dll+0x56629f]
V  [jvm.dll+0x330be9]
V  [jvm.dll+0x33005a]
V  [jvm.dll+0x21a471]
V  [jvm.dll+0x2198b1]
V  [jvm.dll+0x1a534d]
V  [jvm.dll+0x2295cd]
V  [jvm.dll+0x22779c]
V  [jvm.dll+0x7e9d07]
V  [jvm.dll+0x7e410a]
V  [jvm.dll+0x67c315]
C  [ucrtbase.dll+0x21bb2]
C  [KERNEL32.DLL+0x17374]
C  [ntdll.dll+0x4cc91]


---------------  P R O C E S S  ---------------

Threads class SMR info:
_java_thread_list=0x000001d26dc326a0, length=13, elements={
0x000001d254951c00, 0x000001d254a06b70, 0x000001d254a08320, 0x000001d2687b8030,
0x000001d2687b8dc0, 0x000001d2687b9b50, 0x000001d2687bd540, 0x000001d2687be140,
0x000001d26d9c2be0, 0x000001d26d9c5cb0, 0x000001d26dae3060, 0x000001d26dbf0d50,
0x000001d26dc469d0
}

Java Threads: ( => current thread )
  0x000001d254951c00 JavaThread "main" [_thread_in_vm, id=11604, stack(0x000000849d800000,0x000000849d900000)]
  0x000001d254a06b70 JavaThread "Reference Handler" daemon [_thread_blocked, id=11788, stack(0x000000849db00000,0x000000849dc00000)]
  0x000001d254a08320 JavaThread "Finalizer" daemon [_thread_blocked, id=11980, stack(0x000000849dc00000,0x000000849dd00000)]
  0x000001d2687b8030 JavaThread "Signal Dispatcher" daemon [_thread_blocked, id=11760, stack(0x000000849dd00000,0x000000849de00000)]
  0x000001d2687b8dc0 JavaThread "Attach Listener" daemon [_thread_blocked, id=16452, stack(0x000000849de00000,0x000000849df00000)]
  0x000001d2687b9b50 JavaThread "Service Thread" daemon [_thread_blocked, id=10980, stack(0x000000849df00000,0x000000849e000000)]
  0x000001d2687bd540 JavaThread "Monitor Deflation Thread" daemon [_thread_blocked, id=11972, stack(0x000000849e000000,0x000000849e100000)]
  0x000001d2687be140 JavaThread "C2 CompilerThread0" daemon [_thread_in_native, id=9336, stack(0x000000849e100000,0x000000849e200000)]
  0x000001d26d9c2be0 JavaThread "C1 CompilerThread0" daemon [_thread_blocked, id=11816, stack(0x000000849e200000,0x000000849e300000)]
  0x000001d26d9c5cb0 JavaThread "Sweeper thread" daemon [_thread_blocked, id=428, stack(0x000000849e300000,0x000000849e400000)]
  0x000001d26dae3060 JavaThread "Common-Cleaner" daemon [_thread_blocked, id=3756, stack(0x000000849e400000,0x000000849e500000)]
  0x000001d26dbf0d50 JavaThread "Notification Thread" daemon [_thread_blocked, id=15896, stack(0x000000849e500000,0x000000849e600000)]
=>0x000001d26dc469d0 JavaThread "C2 CompilerThread1" daemon [_thread_in_native, id=16592, stack(0x000000849e700000,0x000000849e800000)]

Other Threads:
  0x000001d268785180 VMThread "VM Thread" [stack: 0x000000849da00000,0x000000849db00000] [id=9052]
  0x000001d26dc4a8c0 WatcherThread [stack: 0x000000849e600000,0x000000849e700000] [id=19192]
  0x000001d254966790 GCTaskThread "GC Thread#0" [stack: 0x000000849d900000,0x000000849da00000] [id=19464]

Threads with active compile tasks:
C2 CompilerThread0     4040  609       4       java.util.Collections$UnmodifiableCollection::iterator (9 bytes)
C2 CompilerThread1     4040  606       4       lombok.patcher.PatchScript::classMatches (41 bytes)

VM state: not at safepoint (normal execution)

VM Mutex/Monitor currently owned by a thread: None

Heap address: 0x00000000c0000000, size: 1024 MB, Compressed Oops mode: 32-bit

CDS archive(s) not mapped
Compressed class space mapped at: 0x0000000100000000-0x0000000140000000, reserved size: 1073741824
Narrow klass base: 0x0000000000000000, Narrow klass shift: 3, Narrow klass range: 0x140000000

GC Precious Log:
 CPUs: 4 total, 4 available
 Memory: 8072M
 Large Page Support: Disabled
 NUMA Support: Disabled
 Compressed Oops: Enabled (32-bit)
 Alignments: Space 512K, Generation 512K, Heap 2M
 Heap Min Capacity: 100M
 Heap Initial Capacity: 100M
 Heap Max Capacity: 1G
 Pre-touch: Disabled
 Parallel Workers: 4

Heap:
 PSYoungGen      total 29696K, used 13571K [0x00000000eab00000, 0x00000000ecc00000, 0x0000000100000000)
  eden space 25600K, 53% used [0x00000000eab00000,0x00000000eb840d38,0x00000000ec400000)
  from space 4096K, 0% used [0x00000000ec800000,0x00000000ec800000,0x00000000ecc00000)
  to   space 4096K, 0% used [0x00000000ec400000,0x00000000ec400000,0x00000000ec800000)
 ParOldGen       total 68608K, used 0K [0x00000000c0000000, 0x00000000c4300000, 0x00000000eab00000)
  object space 68608K, 0% used [0x00000000c0000000,0x00000000c0000000,0x00000000c4300000)
 Metaspace       used 8935K, committed 9088K, reserved 1114112K
  class space    used 879K, committed 960K, reserved 1048576K

Card table byte_map: [0x000001d2542f0000,0x000001d254500000] _byte_map_base: 0x000001d253cf0000

Marking Bits: (ParMarkBitMap*) 0x00007ffaee84d820
 Begin Bits: [0x000001d2665f0000, 0x000001d2675f0000)
 End Bits:   [0x000001d2675f0000, 0x000001d2685f0000)

Polling page: 0x000001d252900000

Metaspace:

Usage:
  Non-class:      7.87 MB used.
      Class:    879.07 KB used.
       Both:      8.73 MB used.

Virtual space:
  Non-class space:       64.00 MB reserved,       7.94 MB ( 12%) committed,  1 nodes.
      Class space:        1.00 GB reserved,     960.00 KB ( <1%) committed,  1 nodes.
             Both:        1.06 GB reserved,       8.88 MB ( <1%) committed. 

Chunk freelists:
   Non-Class:  7.98 MB
       Class:  15.09 MB
        Both:  23.07 MB

MaxMetaspaceSize: unlimited
CompressedClassSpaceSize: 1.00 GB
Initial GC threshold: 21.00 MB
Current GC threshold: 21.00 MB
CDS: off
MetaspaceReclaimPolicy: balanced
 - commit_granule_bytes: 65536.
 - commit_granule_words: 8192.
 - virtual_space_node_default_size: 8388608.
 - enlarge_chunks_in_place: 1.
 - new_chunks_are_fully_committed: 0.
 - uncommit_free_chunks: 1.
 - use_allocation_guard: 0.
 - handle_deallocations: 1.


Internal statistics:

num_allocs_failed_limit: 0.
num_arena_births: 10.
num_arena_deaths: 0.
num_vsnodes_births: 2.
num_vsnodes_deaths: 0.
num_space_committed: 142.
num_space_uncommitted: 0.
num_chunks_returned_to_freelist: 0.
num_chunks_taken_from_freelist: 42.
num_chunk_merges: 0.
num_chunk_splits: 24.
num_chunks_enlarged: 22.
num_inconsistent_stats: 0.

CodeHeap 'non-profiled nmethods': size=120000Kb used=250Kb max_used=250Kb free=119750Kb
 bounds [0x000001d25f0c0000, 0x000001d25f330000, 0x000001d2665f0000]
CodeHeap 'profiled nmethods': size=120000Kb used=933Kb max_used=933Kb free=119066Kb
 bounds [0x000001d2575f0000, 0x000001d257860000, 0x000001d25eb20000]
CodeHeap 'non-nmethods': size=5760Kb used=1132Kb max_used=1154Kb free=4627Kb
 bounds [0x000001d25eb20000, 0x000001d25ed90000, 0x000001d25f0c0000]
 total_blobs=1037 nmethods=615 adapters=337
 compilation: enabled
              stopped_count=0, restarted_count=0
 full_count=0

Compilation events (20 events):
Event: 3.890 Thread 0x000001d26d9c2be0  603       3       java.lang.invoke.VarHandleGuards::guard_LI_I (78 bytes)
Event: 3.893 Thread 0x000001d26d9c2be0 nmethod 603 0x000001d2576ca810 code [0x000001d2576cab40, 0x000001d2576cc6e8]
Event: 3.893 Thread 0x000001d26d9c2be0  604       3       java.lang.invoke.VarHandleByteArrayAsInts$ArrayHandle::get (36 bytes)
Event: 3.894 Thread 0x000001d26d9c2be0 nmethod 604 0x000001d2576ccf10 code [0x000001d2576cd100, 0x000001d2576cd618]
Event: 3.901 Thread 0x000001d26dc469d0  606       4       lombok.patcher.PatchScript::classMatches (41 bytes)
Event: 3.906 Thread 0x000001d2687be140 nmethod 602 0x000001d25f0f9c90 code [0x000001d25f0f9ea0, 0x000001d25f0fa930]
Event: 3.906 Thread 0x000001d2687be140  607       4       lombok.patcher.scripts.MethodLevelPatchScript::patch (21 bytes)
Event: 3.925 Thread 0x000001d26d9c2be0  610       3       java.lang.String::valueOf (15 bytes)
Event: 3.926 Thread 0x000001d26d9c2be0 nmethod 610 0x000001d2576cd810 code [0x000001d2576cd9c0, 0x000001d2576cdbc8]
Event: 3.941 Thread 0x000001d26d9c2be0  611       3       java.security.Provider$ServiceKey::<init> (39 bytes)
Event: 3.942 Thread 0x000001d26d9c2be0 nmethod 611 0x000001d2576cdc90 code [0x000001d2576cde80, 0x000001d2576ce2c8]
Event: 3.942 Thread 0x000001d26d9c2be0  612       3       java.security.Provider$ServiceKey::hashCode (19 bytes)
Event: 3.942 Thread 0x000001d26d9c2be0 nmethod 612 0x000001d2576ce490 code [0x000001d2576ce640, 0x000001d2576ce7d8]
Event: 3.942 Thread 0x000001d26d9c2be0  613       1       java.security.Provider$UString::toString (5 bytes)
Event: 3.943 Thread 0x000001d26d9c2be0 nmethod 613 0x000001d25f0fb010 code [0x000001d25f0fb1a0, 0x000001d25f0fb278]
Event: 3.943 Thread 0x000001d26d9c2be0  614       1       java.security.Provider$Service::getProvider (5 bytes)
Event: 3.943 Thread 0x000001d26d9c2be0 nmethod 614 0x000001d25f0fb310 code [0x000001d25f0fb4a0, 0x000001d25f0fb578]
Event: 3.953 Thread 0x000001d26d9c2be0  615       3       sun.security.provider.SHA2::implCompress0 (490 bytes)
Event: 3.954 Thread 0x000001d26d9c2be0 nmethod 615 0x000001d2576ce910 code [0x000001d2576ceb00, 0x000001d2576cf368]
Event: 3.957 Thread 0x000001d26d9c2be0  616       3       sun.security.provider.ByteArrayAccess::b2iBig64 (231 bytes)

GC Heap History (0 events):
No events

Dll operation events (8 events):
Event: 0.040 Loaded shared library c:\Users\hp\.vscode\extensions\redhat.java-1.33.0-win32-x64\jre\17.0.11-win32-x86_64\bin\java.dll
Event: 1.210 Loaded shared library c:\Users\hp\.vscode\extensions\redhat.java-1.33.0-win32-x64\jre\17.0.11-win32-x86_64\bin\zip.dll
Event: 1.217 Loaded shared library C:\Users\hp\.vscode\extensions\redhat.java-1.33.0-win32-x64\jre\17.0.11-win32-x86_64\bin\instrument.dll
Event: 1.308 Loaded shared library C:\Users\hp\.vscode\extensions\redhat.java-1.33.0-win32-x64\jre\17.0.11-win32-x86_64\bin\net.dll
Event: 1.321 Loaded shared library C:\Users\hp\.vscode\extensions\redhat.java-1.33.0-win32-x64\jre\17.0.11-win32-x86_64\bin\nio.dll
Event: 1.368 Loaded shared library C:\Users\hp\.vscode\extensions\redhat.java-1.33.0-win32-x64\jre\17.0.11-win32-x86_64\bin\zip.dll
Event: 1.522 Loaded shared library C:\Users\hp\.vscode\extensions\redhat.java-1.33.0-win32-x64\jre\17.0.11-win32-x86_64\bin\jimage.dll
Event: 2.159 Loaded shared library c:\Users\hp\.vscode\extensions\redhat.java-1.33.0-win32-x64\jre\17.0.11-win32-x86_64\bin\verify.dll

Deoptimization events (20 events):
Event: 3.667 Thread 0x000001d254951c00 DEOPT PACKING pc=0x000001d2576b3c80 sp=0x000000849d8fd770
Event: 3.667 Thread 0x000001d254951c00 DEOPT UNPACKING pc=0x000001d25eb76e43 sp=0x000000849d8fcbc8 mode 0
Event: 3.667 Thread 0x000001d254951c00 DEOPT PACKING pc=0x000001d2576b3c80 sp=0x000000849d8fd800
Event: 3.667 Thread 0x000001d254951c00 DEOPT UNPACKING pc=0x000001d25eb76e43 sp=0x000000849d8fcc58 mode 0
Event: 3.667 Thread 0x000001d254951c00 DEOPT PACKING pc=0x000001d2576b3c80 sp=0x000000849d8fd800
Event: 3.667 Thread 0x000001d254951c00 DEOPT UNPACKING pc=0x000001d25eb76e43 sp=0x000000849d8fcc58 mode 0
Event: 3.668 Thread 0x000001d254951c00 DEOPT PACKING pc=0x000001d2576b3c80 sp=0x000000849d8fd770
Event: 3.668 Thread 0x000001d254951c00 DEOPT UNPACKING pc=0x000001d25eb76e43 sp=0x000000849d8fcbc8 mode 0
Event: 3.668 Thread 0x000001d254951c00 DEOPT PACKING pc=0x000001d2576b3c80 sp=0x000000849d8fd800
Event: 3.668 Thread 0x000001d254951c00 DEOPT UNPACKING pc=0x000001d25eb76e43 sp=0x000000849d8fcc58 mode 0
Event: 3.733 Thread 0x000001d254951c00 DEOPT PACKING pc=0x000001d2576b3c80 sp=0x000000849d8fd800
Event: 3.733 Thread 0x000001d254951c00 DEOPT UNPACKING pc=0x000001d25eb76e43 sp=0x000000849d8fcc58 mode 0
Event: 3.755 Thread 0x000001d254951c00 Uncommon trap: trap_request=0xffffffde fr.pc=0x000001d25f0e1958 relative=0x00000000000006d8
Event: 3.755 Thread 0x000001d254951c00 Uncommon trap: reason=class_check action=maybe_recompile pc=0x000001d25f0e1958 method=java.util.HashMap.putVal(ILjava/lang/Object;Ljava/lang/Object;ZZ)Ljava/lang/Object; @ 91 c2
Event: 3.755 Thread 0x000001d254951c00 DEOPT PACKING pc=0x000001d25f0e1958 sp=0x000000849d8fdf30
Event: 3.755 Thread 0x000001d254951c00 DEOPT UNPACKING pc=0x000001d25eb766a3 sp=0x000000849d8fded0 mode 2
Event: 3.799 Thread 0x000001d254951c00 Uncommon trap: trap_request=0xffffff6e fr.pc=0x000001d25f0f6c80 relative=0x0000000000000200
Event: 3.799 Thread 0x000001d254951c00 Uncommon trap: reason=loop_limit_check action=maybe_recompile pc=0x000001d25f0f6c80 method=java.math.BigInteger.implMulAdd([I[IIII)I @ 26 c2
Event: 3.799 Thread 0x000001d254951c00 DEOPT PACKING pc=0x000001d25f0f6c80 sp=0x000000849d8fd9e0
Event: 3.799 Thread 0x000001d254951c00 DEOPT UNPACKING pc=0x000001d25eb766a3 sp=0x000000849d8fd930 mode 2

Classes unloaded (0 events):
No events

Classes redefined (0 events):
No events

Internal exceptions (2 events):
Event: 0.927 Thread 0x000001d254951c00 Exception <a 'java/lang/NoSuchMethodError'{0x00000000eacb4cc8}: 'void java.lang.invoke.DirectMethodHandle$Holder.invokeStatic(java.lang.Object, java.lang.Object, java.lang.Object)'> (0x00000000eacb4cc8) 
thrown [s\src\hotspot\share\interpreter\linkResolver.cpp, line 759]
Event: 2.316 Thread 0x000001d254951c00 Exception <a 'java/lang/reflect/InvocationTargetException'{0x00000000eafe5c60}> (0x00000000eafe5c60) 
thrown [s\src\hotspot\share\runtime\reflection.cpp, line 1121]

VM Operations (12 events):
Event: 0.985 Executing VM operation: HandshakeAllThreads
Event: 0.985 Executing VM operation: HandshakeAllThreads done
Event: 1.651 Executing VM operation: HandshakeAllThreads
Event: 1.651 Executing VM operation: HandshakeAllThreads done
Event: 1.651 Executing VM operation: Cleanup
Event: 1.651 Executing VM operation: Cleanup done
Event: 2.658 Executing VM operation: Cleanup
Event: 2.658 Executing VM operation: Cleanup done
Event: 3.660 Executing VM operation: Cleanup
Event: 3.660 Executing VM operation: Cleanup done
Event: 3.889 Executing VM operation: HandshakeAllThreads
Event: 3.889 Executing VM operation: HandshakeAllThreads done

Events (20 events):
Event: 3.876 loading class sun/security/util/KeyUtil
Event: 3.877 loading class sun/security/util/KeyUtil done
Event: 3.877 loading class sun/security/util/Length
Event: 3.877 loading class sun/security/util/Length done
Event: 3.877 loading class javax/crypto/SecretKey
Event: 3.877 loading class javax/crypto/SecretKey done
Event: 3.888 loading class java/util/LinkedHashMap$LinkedEntrySet
Event: 3.888 loading class java/util/LinkedHashMap$LinkedEntrySet done
Event: 3.889 loading class java/util/LinkedHashMap$LinkedEntryIterator
Event: 3.889 loading class java/util/LinkedHashMap$LinkedEntryIterator done
Event: 3.900 loading class java/util/Base64
Event: 3.903 loading class java/util/Base64 done
Event: 3.905 loading class java/util/Base64$Decoder
Event: 3.907 loading class java/util/Base64$Decoder done
Event: 3.908 loading class java/util/Base64$Encoder
Event: 3.911 loading class java/util/Base64$Encoder done
Event: 3.918 loading class java/util/jar/JarVerifier$VerifierStream
Event: 3.919 loading class java/util/jar/JarVerifier$VerifierStream done
Event: 3.923 loading class sun/security/util/ManifestEntryVerifier$SunProviderHolder
Event: 3.925 loading class sun/security/util/ManifestEntryVerifier$SunProviderHolder done


Dynamic libraries:
0x00007ff6b1cf0000 - 0x00007ff6b1cfe000 	c:\Users\hp\.vscode\extensions\redhat.java-1.33.0-win32-x64\jre\17.0.11-win32-x86_64\bin\java.exe
0x00007ffb3f410000 - 0x00007ffb3f608000 	C:\WINDOWS\SYSTEM32\ntdll.dll
0x00007ffb3ecf0000 - 0x00007ffb3edb1000 	C:\WINDOWS\System32\KERNEL32.DLL
0x00007ffb3d140000 - 0x00007ffb3d436000 	C:\WINDOWS\System32\KERNELBASE.dll
0x00007ffb3cf70000 - 0x00007ffb3d070000 	C:\WINDOWS\System32\ucrtbase.dll
0x00007ffb32d90000 - 0x00007ffb32da7000 	c:\Users\hp\.vscode\extensions\redhat.java-1.33.0-win32-x64\jre\17.0.11-win32-x86_64\bin\jli.dll
0x00007ffb3ea10000 - 0x00007ffb3ebaf000 	C:\WINDOWS\System32\USER32.dll
0x00007ffb3d110000 - 0x00007ffb3d132000 	C:\WINDOWS\System32\win32u.dll
0x00007ffb3e010000 - 0x00007ffb3e03b000 	C:\WINDOWS\System32\GDI32.dll
0x00007ffb3cb50000 - 0x00007ffb3cc67000 	C:\WINDOWS\System32\gdi32full.dll
0x00007ffb3cc70000 - 0x00007ffb3cd0d000 	C:\WINDOWS\System32\msvcp_win.dll
0x00007ffb32d40000 - 0x00007ffb32d5b000 	c:\Users\hp\.vscode\extensions\redhat.java-1.33.0-win32-x64\jre\17.0.11-win32-x86_64\bin\VCRUNTIME140.dll
0x00007ffb23030000 - 0x00007ffb232ca000 	C:\WINDOWS\WinSxS\amd64_microsoft.windows.common-controls_6595b64144ccf1df_6.0.19041.4355_none_60b8b9eb71f62e16\COMCTL32.dll
0x00007ffb3dd00000 - 0x00007ffb3dd9e000 	C:\WINDOWS\System32\msvcrt.dll
0x00007ffb3de00000 - 0x00007ffb3de2f000 	C:\WINDOWS\System32\IMM32.DLL
0x00007ffb33050000 - 0x00007ffb3305c000 	c:\Users\hp\.vscode\extensions\redhat.java-1.33.0-win32-x64\jre\17.0.11-win32-x86_64\bin\vcruntime140_1.dll
0x00007ffb00020000 - 0x00007ffb000ad000 	c:\Users\hp\.vscode\extensions\redhat.java-1.33.0-win32-x64\jre\17.0.11-win32-x86_64\bin\msvcp140.dll
0x00007ffaedcb0000 - 0x00007ffaee912000 	c:\Users\hp\.vscode\extensions\redhat.java-1.33.0-win32-x64\jre\17.0.11-win32-x86_64\bin\server\jvm.dll
0x00007ffb3de30000 - 0x00007ffb3dee0000 	C:\WINDOWS\System32\ADVAPI32.dll
0x00007ffb3e7d0000 - 0x00007ffb3e870000 	C:\WINDOWS\System32\sechost.dll
0x00007ffb3dee0000 - 0x00007ffb3e003000 	C:\WINDOWS\System32\RPCRT4.dll
0x00007ffb3d070000 - 0x00007ffb3d097000 	C:\WINDOWS\System32\bcrypt.dll
0x00007ffb3c910000 - 0x00007ffb3c95b000 	C:\WINDOWS\SYSTEM32\POWRPROF.dll
0x00007ffb32d30000 - 0x00007ffb32d39000 	C:\WINDOWS\SYSTEM32\WSOCK32.dll
0x00007ffb3e630000 - 0x00007ffb3e69b000 	C:\WINDOWS\System32\WS2_32.dll
0x00007ffb1a3b0000 - 0x00007ffb1a3d7000 	C:\WINDOWS\SYSTEM32\WINMM.dll
0x00007ffb2e650000 - 0x00007ffb2e65a000 	C:\WINDOWS\SYSTEM32\VERSION.dll
0x00007ffb3c8f0000 - 0x00007ffb3c902000 	C:\WINDOWS\SYSTEM32\UMPDC.dll
0x00007ffb3b290000 - 0x00007ffb3b2a2000 	C:\WINDOWS\SYSTEM32\kernel.appcore.dll
0x00007ffb32a70000 - 0x00007ffb32a7a000 	c:\Users\hp\.vscode\extensions\redhat.java-1.33.0-win32-x64\jre\17.0.11-win32-x86_64\bin\jimage.dll
0x00007ffb39b90000 - 0x00007ffb39d74000 	C:\WINDOWS\SYSTEM32\DBGHELP.DLL
0x00007ffb1ddd0000 - 0x00007ffb1de04000 	C:\WINDOWS\SYSTEM32\dbgcore.DLL
0x00007ffb3cac0000 - 0x00007ffb3cb42000 	C:\WINDOWS\System32\bcryptPrimitives.dll
0x00007ffb33d70000 - 0x00007ffb33d7e000 	c:\Users\hp\.vscode\extensions\redhat.java-1.33.0-win32-x64\jre\17.0.11-win32-x86_64\bin\instrument.dll
0x00007ffb31650000 - 0x00007ffb31675000 	c:\Users\hp\.vscode\extensions\redhat.java-1.33.0-win32-x64\jre\17.0.11-win32-x86_64\bin\java.dll
0x00007ffb31bd0000 - 0x00007ffb31be8000 	c:\Users\hp\.vscode\extensions\redhat.java-1.33.0-win32-x64\jre\17.0.11-win32-x86_64\bin\zip.dll
0x00007ffb3d4e0000 - 0x00007ffb3dc4c000 	C:\WINDOWS\System32\SHELL32.dll
0x00007ffb3a550000 - 0x00007ffb3acee000 	C:\WINDOWS\SYSTEM32\windows.storage.dll
0x00007ffb3ef80000 - 0x00007ffb3f2d3000 	C:\WINDOWS\System32\combase.dll
0x00007ffb3c330000 - 0x00007ffb3c35e000 	C:\WINDOWS\SYSTEM32\Wldp.dll
0x00007ffb3e930000 - 0x00007ffb3e9fd000 	C:\WINDOWS\System32\OLEAUT32.dll
0x00007ffb3e870000 - 0x00007ffb3e91d000 	C:\WINDOWS\System32\SHCORE.dll
0x00007ffb3e4b0000 - 0x00007ffb3e505000 	C:\WINDOWS\System32\shlwapi.dll
0x00007ffb3c9f0000 - 0x00007ffb3ca14000 	C:\WINDOWS\SYSTEM32\profapi.dll
0x00007ffb317a0000 - 0x00007ffb317b9000 	C:\Users\hp\.vscode\extensions\redhat.java-1.33.0-win32-x64\jre\17.0.11-win32-x86_64\bin\net.dll
0x00007ffb2eab0000 - 0x00007ffb2ebba000 	C:\WINDOWS\SYSTEM32\WINHTTP.dll
0x00007ffb3c110000 - 0x00007ffb3c17a000 	C:\WINDOWS\system32\mswsock.dll
0x00007ffb31510000 - 0x00007ffb31526000 	C:\Users\hp\.vscode\extensions\redhat.java-1.33.0-win32-x64\jre\17.0.11-win32-x86_64\bin\nio.dll
0x00007ffb328a0000 - 0x00007ffb328b0000 	c:\Users\hp\.vscode\extensions\redhat.java-1.33.0-win32-x64\jre\17.0.11-win32-x86_64\bin\verify.dll

dbghelp: loaded successfully - version: 4.0.5 - missing functions: none
symbol engine: initialized successfully - sym options: 0x614 - pdb path: .;c:\Users\hp\.vscode\extensions\redhat.java-1.33.0-win32-x64\jre\17.0.11-win32-x86_64\bin;C:\WINDOWS\SYSTEM32;C:\WINDOWS\WinSxS\amd64_microsoft.windows.common-controls_6595b64144ccf1df_6.0.19041.4355_none_60b8b9eb71f62e16;c:\Users\hp\.vscode\extensions\redhat.java-1.33.0-win32-x64\jre\17.0.11-win32-x86_64\bin\server

VM Arguments:
jvm_args: --add-modules=ALL-SYSTEM --add-opens=java.base/java.util=ALL-UNNAMED --add-opens=java.base/java.lang=ALL-UNNAMED --add-opens=java.base/sun.nio.fs=ALL-UNNAMED -Declipse.application=org.eclipse.jdt.ls.core.id1 -Dosgi.bundles.defaultStartLevel=4 -Declipse.product=org.eclipse.jdt.ls.core.product -Djava.import.generatesMetadataFilesAtProjectRoot=false -DDetectVMInstallationsJob.disabled=true -Dfile.encoding=utf8 -XX:+UseParallelGC -XX:GCTimeRatio=4 -XX:AdaptiveSizePolicyWeight=90 -Dsun.zip.disableMemoryMapping=true -Xmx1G -Xms100m -Xlog:disable -javaagent:c:\Users\hp\.vscode\extensions\redhat.java-1.33.0-win32-x64\lombok\lombok-1.18.33.jar -XX:+HeapDumpOnOutOfMemoryError -XX:HeapDumpPath=c:\Users\hp\AppData\Roaming\Code\User\workspaceStorage\4c6d5647aa36d781c3f9bfddaaadf091\redhat.java -Daether.dependencyCollector.impl=bf 
java_command: c:\Users\hp\.vscode\extensions\redhat.java-1.33.0-win32-x64\server\plugins\org.eclipse.equinox.launcher_1.6.900.v20240613-2009.jar -configuration c:\Users\hp\AppData\Roaming\Code\User\globalStorage\redhat.java\1.33.0\config_win -data c:\Users\hp\AppData\Roaming\Code\User\workspaceStorage\4c6d5647aa36d781c3f9bfddaaadf091\redhat.java\jdt_ws --pipe=\\.\pipe\lsp-e31c51699fc5bbf972e1a88b1341f733-sock
java_class_path (initial): c:\Users\hp\.vscode\extensions\redhat.java-1.33.0-win32-x64\server\plugins\org.eclipse.equinox.launcher_1.6.900.v20240613-2009.jar
Launcher Type: SUN_STANDARD

[Global flags]
    uintx AdaptiveSizePolicyWeight                 = 90                                        {product} {command line}
     intx CICompilerCount                          = 3                                         {product} {ergonomic}
    uintx GCTimeRatio                              = 4                                         {product} {command line}
     bool HeapDumpOnOutOfMemoryError               = true                                   {manageable} {command line}
    ccstr HeapDumpPath                             = c:\Users\hp\AppData\Roaming\Code\User\workspaceStorage\4c6d5647aa36d781c3f9bfddaaadf091\redhat.java         {manageable} {command line}
   size_t InitialHeapSize                          = 104857600                                 {product} {command line}
   size_t MaxHeapSize                              = 1073741824                                {product} {command line}
   size_t MaxNewSize                               = 357564416                                 {product} {ergonomic}
   size_t MinHeapDeltaBytes                        = 524288                                    {product} {ergonomic}
   size_t MinHeapSize                              = 104857600                                 {product} {command line}
   size_t NewSize                                  = 34603008                                  {product} {ergonomic}
    uintx NonNMethodCodeHeapSize                   = 5832780                                {pd product} {ergonomic}
    uintx NonProfiledCodeHeapSize                  = 122912730                              {pd product} {ergonomic}
   size_t OldSize                                  = 70254592                                  {product} {ergonomic}
    uintx ProfiledCodeHeapSize                     = 122912730                              {pd product} {ergonomic}
    uintx ReservedCodeCacheSize                    = 251658240                              {pd product} {ergonomic}
     bool SegmentedCodeCache                       = true                                      {product} {ergonomic}
   size_t SoftMaxHeapSize                          = 1073741824                             {manageable} {ergonomic}
     bool UseCompressedClassPointers               = true                           {product lp64_product} {ergonomic}
     bool UseCompressedOops                        = true                           {product lp64_product} {ergonomic}
     bool UseLargePagesIndividualAllocation        = false                                  {pd product} {ergonomic}
     bool UseParallelGC                            = true                                      {product} {command line}

Logging:
Log output configuration:
 #0: stdout all=off uptime,level,tags
 #1: stderr all=off uptime,level,tags

Environment Variables:
JAVA_HOME=C:\Program Files\Java\jdk-20
PATH=C:\Python312\Scripts\;C:\Python312\;C:\Program Files\Common Files\Oracle\Java\javapath;D:\dev\flutter\bin;C:\WINDOWS\system32;C:\WINDOWS;C:\WINDOWS\System32\Wbem;C:\WINDOWS\System32\WindowsPowerShell\v1.0\;C:\WINDOWS\System32\OpenSSH\;C:\Program Files\Java\jdk-20\bin;D:\latest\cmdline-tools\bin;C:\Program Files (x86)\Windows Kits\10\Windows Performance Toolkit\;D:\iverilog\bin;D:\iverilog\gtkwave\bin;C:\Program Files\Git\cmd;D:\Node\;C:\ProgramData\chocolatey\bin;C:\Program Files\Git LFS;C:\iverilog\bin;C:\iverilog\gtkwave\bin;C:\Users\hp\AppData\Local\Programs\Microsoft VS Code\bin;C:\Users\hp\AppData\Roaming\npm
USERNAME=hp
OS=Windows_NT
PROCESSOR_IDENTIFIER=Intel64 Family 6 Model 78 Stepping 3, GenuineIntel
TMP=C:\Users\hp\AppData\Local\Temp
TEMP=C:\Users\hp\AppData\Local\Temp



Periodic native trim disabled


---------------  S Y S T E M  ---------------

OS:
 Windows 10 , 64 bit Build 19041 (10.0.19041.4597)
OS uptime: 10 days 1:55 hours
Hyper-V role detected

CPU: total 4 (initial active 4) (2 cores per cpu, 2 threads per core) family 6 model 78 stepping 3 microcode 0xcc, cx8, cmov, fxsr, ht, mmx, 3dnowpref, sse, sse2, sse3, ssse3, sse4.1, sse4.2, popcnt, lzcnt, tsc, tscinvbit, avx, avx2, aes, erms, clmul, bmi1, bmi2, adx, fma, vzeroupper, clflush, clflushopt, hv
Processor Information for all 4 processors :
  Max Mhz: 2400, Current Mhz: 2300, Mhz Limit: 2280

Memory: 4k page, system-wide physical 8072M (427M free)
TotalPageFile size 20501M (AvailPageFile size 64M)
current process WorkingSet (physical memory assigned to process): 59M, peak: 59M
current process commit charge ("private bytes"): 186M, peak: 186M

vm_info: OpenJDK 64-Bit Server VM (17.0.11+9) for windows-amd64 JRE (17.0.11+9), built on Apr 17 2024 06:07:48 by "admin" with MS VC++ 16.10 / 16.11 (VS2019)

END.
